{"ts":"2026-01-01T02:15:46.092225+00:00","event":"test.event","request_id":"r1","user_id":"u1","meta":{"x":"Bearer ***REDACTED***","k":"***REDACTED***"}}
{"ts":"2026-01-01T02:16:24.227927+00:00","event":"auth.login_ok","request_id":"rid123","user_id":"u_1","meta":{"token":"Bearer ***REDACTED***","api_key":"***REDACTED***"}}
{"ts":"2026-01-01T02:16:38.294161+00:00","event":"api_key.create","request_id":"rid123","user_id":"u_1","meta":{"token":"Bearer ***REDACTED***","api_key":"***REDACTED***"}}
{"ts":"2026-01-01T03:09:17.199086+00:00","event":"policy.egress","meta":{"offline_mode":false,"allow_egress":true,"allow_hf_egress":false}}
{"ts":"2026-01-01T03:09:17.307575+00:00","event":"auth.login_ok","request_id":"732f8a2997f5416fbffc53f69b1ba0eb","user_id":"u_xyzI2waWHnZOuKw2Kbsb_g","meta":{"username":"admin","role":"admin","session":false}}
{"ts":"2026-01-01T03:09:17.353639+00:00","event":"api_key.create","request_id":"8bf5abe4f4884b7a94ee326c2e8a78b8","user_id":"u_xyzI2waWHnZOuKw2Kbsb_g","meta":{"key_id":"k_lEKBJnw-8LWZYokHQ4A19Q","user_id":"u_operator","scopes":["read:job","submit:job"],"prefix":"dp_1lm6nmckxe_..."}}
{"ts":"2026-01-01T03:09:48.619214+00:00","event":"policy.egress","meta":{"offline_mode":false,"allow_egress":true,"allow_hf_egress":false}}
{"ts":"2026-01-01T03:09:48.758330+00:00","event":"auth.login_ok","request_id":"328b3d6f902b453397d76dcc56dd25de","user_id":"u_UDQUnHLM2s2AO5mKXbDxRg","meta":{"username":"admin","role":"admin","session":true}}
{"ts":"2026-01-01T03:18:49.345935+00:00","event":"policy.egress","meta":{"offline_mode":false,"allow_egress":true,"allow_hf_egress":false}}
{"ts":"2026-01-01T03:18:49.462245+00:00","event":"auth.login_ok","request_id":"db42844176ef4ed987831a6343bff395","user_id":"u_PrrbhVLwpp40EAcSav4pog","meta":{"username":"admin","role":"admin","session":false}}
{"ts":"2026-01-01T03:33:51.058420+00:00","event":"policy.egress","meta":{"offline_mode":false,"allow_egress":true,"allow_hf_egress":false}}
{"ts":"2026-01-01T03:33:51.188558+00:00","event":"auth.login_ok","request_id":"c32d2494ac9b44da9489db5e3d3fed66","user_id":"u_bJXmWQQo6YyKgHSCUxe2SQ","meta":{"username":"admin","role":"admin","session":false}}
{"ts":"2026-01-01T03:36:59.558600+00:00","event":"policy.egress","meta":{"offline_mode":false,"allow_egress":true,"allow_hf_egress":false}}
{"ts":"2026-01-01T03:36:59.630349+00:00","event":"policy.egress","meta":{"offline_mode":false,"allow_egress":true,"allow_hf_egress":false}}
{"ts":"2026-01-01T03:36:59.718818+00:00","event":"auth.login_ok","request_id":"75278f0a85624ac29e60c79a5d531b9a","user_id":"u_bJXmWQQo6YyKgHSCUxe2SQ","meta":{"username":"admin","role":"admin","session":true}}
{"ts":"2026-01-01T03:36:59.729491+00:00","event":"policy.egress","meta":{"offline_mode":false,"allow_egress":true,"allow_hf_egress":false}}
{"ts":"2026-01-01T03:36:59.806881+00:00","event":"auth.login_ok","request_id":"3d37d9026bbc40bcbdfe6b0fafb1d6d5","user_id":"u_bJXmWQQo6YyKgHSCUxe2SQ","meta":{"username":"admin","role":"admin","session":false}}
{"ts":"2026-01-01T03:37:35.057991+00:00","event":"policy.egress","meta":{"offline_mode":false,"allow_egress":true,"allow_hf_egress":false}}
{"ts":"2026-01-01T03:37:35.122622+00:00","event":"policy.egress","meta":{"offline_mode":false,"allow_egress":true,"allow_hf_egress":false}}
{"ts":"2026-01-01T03:37:35.210526+00:00","event":"auth.login_ok","request_id":"cae7c1f7608049dba77bd34869c96bb4","user_id":"u_bJXmWQQo6YyKgHSCUxe2SQ","meta":{"username":"admin","role":"admin","session":true}}
{"ts":"2026-01-01T03:37:35.221953+00:00","event":"policy.egress","meta":{"offline_mode":false,"allow_egress":true,"allow_hf_egress":false}}
{"ts":"2026-01-01T03:37:35.301273+00:00","event":"auth.login_ok","request_id":"51bc14d4918b4a59893a6129f5b4ecb1","user_id":"u_bJXmWQQo6YyKgHSCUxe2SQ","meta":{"username":"admin","role":"admin","session":false}}
{"ts":"2026-01-01T03:47:56.248183+00:00","event":"policy.egress","meta":{"offline_mode":false,"allow_egress":true,"allow_hf_egress":false}}
{"ts":"2026-01-01T03:47:56.311126+00:00","event":"policy.egress","meta":{"offline_mode":false,"allow_egress":true,"allow_hf_egress":false}}
{"ts":"2026-01-01T03:47:56.403066+00:00","event":"auth.login_ok","request_id":"708a428283554d3cb5f8d1b105ccd60b","user_id":"u_bJXmWQQo6YyKgHSCUxe2SQ","meta":{"username":"admin","role":"admin","session":true}}
{"ts":"2026-01-01T03:47:56.415248+00:00","event":"policy.egress","meta":{"offline_mode":false,"allow_egress":true,"allow_hf_egress":false}}
{"ts":"2026-01-01T03:47:56.501065+00:00","event":"auth.login_ok","request_id":"ef454e670a8742f0b0cc25826761369b","user_id":"u_bJXmWQQo6YyKgHSCUxe2SQ","meta":{"username":"admin","role":"admin","session":false}}
{"ts":"2026-01-01T03:47:56.534375+00:00","event":"policy.egress","meta":{"offline_mode":false,"allow_egress":true,"allow_hf_egress":false}}
{"ts":"2026-01-01T03:47:56.613439+00:00","event":"auth.login_ok","request_id":"ce899d7d140141f68f50235f6270718c","user_id":"u_bJXmWQQo6YyKgHSCUxe2SQ","meta":{"username":"admin","role":"admin","session":false}}
{"ts":"2026-01-01T03:52:10.386871+00:00","event":"policy.egress","meta":{"offline_mode":false,"allow_egress":true,"allow_hf_egress":false}}
{"ts":"2026-01-01T03:52:10.455913+00:00","event":"policy.egress","meta":{"offline_mode":false,"allow_egress":true,"allow_hf_egress":false}}
{"ts":"2026-01-01T03:52:10.547316+00:00","event":"auth.login_ok","request_id":"b86dbc1a93c147bd8026bc64ebc5f47b","user_id":"u_bJXmWQQo6YyKgHSCUxe2SQ","meta":{"username":"admin","role":"admin","session":true}}
{"ts":"2026-01-01T03:52:10.559686+00:00","event":"policy.egress","meta":{"offline_mode":false,"allow_egress":true,"allow_hf_egress":false}}
{"ts":"2026-01-01T03:52:10.641567+00:00","event":"auth.login_ok","request_id":"71315ff7ace340ae98bf0fb4afc2d94c","user_id":"u_bJXmWQQo6YyKgHSCUxe2SQ","meta":{"username":"admin","role":"admin","session":false}}
{"ts":"2026-01-01T03:52:10.663099+00:00","event":"policy.egress","meta":{"offline_mode":false,"allow_egress":true,"allow_hf_egress":false}}
{"ts":"2026-01-01T03:52:10.723375+00:00","event":"policy.egress","meta":{"offline_mode":false,"allow_egress":true,"allow_hf_egress":false}}
{"ts":"2026-01-01T03:52:10.801724+00:00","event":"auth.login_ok","request_id":"a8d156cae9284d1891bd0cf485d6e3e7","user_id":"u_bJXmWQQo6YyKgHSCUxe2SQ","meta":{"username":"admin","role":"admin","session":false}}
{"ts":"2026-01-01T04:00:23.832290+00:00","event":"policy.egress","meta":{"offline_mode":false,"allow_egress":true,"allow_hf_egress":false}}
{"ts":"2026-01-01T04:00:23.898473+00:00","event":"policy.egress","meta":{"offline_mode":false,"allow_egress":true,"allow_hf_egress":false}}
{"ts":"2026-01-01T04:00:23.990703+00:00","event":"auth.login_ok","request_id":"fd7c12db45dd403cbed244100d33965c","user_id":"u_bJXmWQQo6YyKgHSCUxe2SQ","meta":{"username":"admin","role":"admin","session":true}}
{"ts":"2026-01-01T04:00:24.002970+00:00","event":"policy.egress","meta":{"offline_mode":false,"allow_egress":true,"allow_hf_egress":false}}
{"ts":"2026-01-01T04:00:24.082787+00:00","event":"auth.login_ok","request_id":"a168a85ffb094d8a9385664d78a2042d","user_id":"u_bJXmWQQo6YyKgHSCUxe2SQ","meta":{"username":"admin","role":"admin","session":false}}
{"ts":"2026-01-01T04:00:24.102715+00:00","event":"policy.egress","meta":{"offline_mode":false,"allow_egress":true,"allow_hf_egress":false}}
{"ts":"2026-01-01T04:00:24.163604+00:00","event":"policy.egress","meta":{"offline_mode":false,"allow_egress":true,"allow_hf_egress":false}}
{"ts":"2026-01-01T04:00:24.242341+00:00","event":"auth.login_ok","request_id":"45d5eb5d95934a3b8e66a01bb8859cda","user_id":"u_bJXmWQQo6YyKgHSCUxe2SQ","meta":{"username":"admin","role":"admin","session":false}}
{"ts":"2026-01-01T04:00:24.251635+00:00","event":"policy.egress","meta":{"offline_mode":false,"allow_egress":true,"allow_hf_egress":false}}
{"ts":"2026-01-01T04:00:24.303309+00:00","event":"policy.egress","meta":{"offline_mode":false,"allow_egress":true,"allow_hf_egress":false}}
{"ts":"2026-01-01T04:00:24.364647+00:00","event":"policy.egress","meta":{"offline_mode":false,"allow_egress":true,"allow_hf_egress":false}}
{"ts":"2026-01-01T04:00:24.442291+00:00","event":"auth.login_ok","request_id":"186f306c512045eeb558c361dded64b2","user_id":"u_bJXmWQQo6YyKgHSCUxe2SQ","meta":{"username":"admin","role":"admin","session":true}}
{"ts":"2026-01-01T04:00:47.342809+00:00","event":"policy.egress","meta":{"offline_mode":false,"allow_egress":true,"allow_hf_egress":false}}
{"ts":"2026-01-01T04:00:47.404689+00:00","event":"policy.egress","meta":{"offline_mode":false,"allow_egress":true,"allow_hf_egress":false}}
{"ts":"2026-01-01T04:00:47.495840+00:00","event":"auth.login_ok","request_id":"a66a90e6a71249bfa67898d2c68dde06","user_id":"u_bJXmWQQo6YyKgHSCUxe2SQ","meta":{"username":"admin","role":"admin","session":true}}
{"ts":"2026-01-01T04:00:47.506879+00:00","event":"policy.egress","meta":{"offline_mode":false,"allow_egress":true,"allow_hf_egress":false}}
{"ts":"2026-01-01T04:00:47.589299+00:00","event":"auth.login_ok","request_id":"f5b2f4f88fc446579ac869c99cf64fff","user_id":"u_bJXmWQQo6YyKgHSCUxe2SQ","meta":{"username":"admin","role":"admin","session":false}}
{"ts":"2026-01-01T04:00:47.608546+00:00","event":"policy.egress","meta":{"offline_mode":false,"allow_egress":true,"allow_hf_egress":false}}
{"ts":"2026-01-01T04:00:47.670767+00:00","event":"policy.egress","meta":{"offline_mode":false,"allow_egress":true,"allow_hf_egress":false}}
{"ts":"2026-01-01T04:00:47.751999+00:00","event":"auth.login_ok","request_id":"bcdb5c2d04b94fc69bb13d8fdf828d44","user_id":"u_bJXmWQQo6YyKgHSCUxe2SQ","meta":{"username":"admin","role":"admin","session":false}}
{"ts":"2026-01-01T04:00:47.762350+00:00","event":"policy.egress","meta":{"offline_mode":false,"allow_egress":true,"allow_hf_egress":false}}
{"ts":"2026-01-01T04:00:47.811899+00:00","event":"policy.egress","meta":{"offline_mode":false,"allow_egress":true,"allow_hf_egress":false}}
{"ts":"2026-01-01T04:00:47.859460+00:00","event":"policy.egress","meta":{"offline_mode":false,"allow_egress":true,"allow_hf_egress":false}}
{"ts":"2026-01-01T04:00:47.938602+00:00","event":"auth.login_ok","request_id":"63c766e0a55f40678a919ce8672f15d0","user_id":"u_bJXmWQQo6YyKgHSCUxe2SQ","meta":{"username":"admin","role":"admin","session":true}}
{"ts":"2026-01-01T04:06:46.708317+00:00","event":"policy.egress","meta":{"offline_mode":false,"allow_egress":true,"allow_hf_egress":false}}
{"ts":"2026-01-01T04:06:46.771911+00:00","event":"policy.egress","meta":{"offline_mode":false,"allow_egress":true,"allow_hf_egress":false}}
{"ts":"2026-01-01T04:06:46.863415+00:00","event":"auth.login_ok","request_id":"2381c74c75624bb7832142290ed498a4","user_id":"u_bJXmWQQo6YyKgHSCUxe2SQ","meta":{"username":"admin","role":"admin","session":true}}
{"ts":"2026-01-01T04:06:46.875660+00:00","event":"policy.egress","meta":{"offline_mode":false,"allow_egress":true,"allow_hf_egress":false}}
{"ts":"2026-01-01T04:06:46.956838+00:00","event":"auth.login_ok","request_id":"303955b9c41649b19f0b61e65b2c9a99","user_id":"u_bJXmWQQo6YyKgHSCUxe2SQ","meta":{"username":"admin","role":"admin","session":false}}
{"ts":"2026-01-01T04:06:46.975606+00:00","event":"policy.egress","meta":{"offline_mode":false,"allow_egress":true,"allow_hf_egress":false}}
{"ts":"2026-01-01T04:06:47.038209+00:00","event":"policy.egress","meta":{"offline_mode":false,"allow_egress":true,"allow_hf_egress":false}}
{"ts":"2026-01-01T04:06:47.119324+00:00","event":"auth.login_ok","request_id":"52d74197593d456aa20be0a97bbf0042","user_id":"u_bJXmWQQo6YyKgHSCUxe2SQ","meta":{"username":"admin","role":"admin","session":false}}
{"ts":"2026-01-01T04:06:47.128811+00:00","event":"policy.egress","meta":{"offline_mode":false,"allow_egress":true,"allow_hf_egress":false}}
{"ts":"2026-01-01T04:06:47.178003+00:00","event":"policy.egress","meta":{"offline_mode":false,"allow_egress":true,"allow_hf_egress":false}}
{"ts":"2026-01-01T04:06:47.226274+00:00","event":"policy.egress","meta":{"offline_mode":false,"allow_egress":true,"allow_hf_egress":false}}
{"ts":"2026-01-01T04:06:47.305704+00:00","event":"auth.login_ok","request_id":"b08e2da426a447378007f805e21c900a","user_id":"u_bJXmWQQo6YyKgHSCUxe2SQ","meta":{"username":"admin","role":"admin","session":true}}
{"ts":"2026-01-01T04:06:47.314519+00:00","event":"policy.egress","meta":{"offline_mode":false,"allow_egress":true,"allow_hf_egress":false}}
{"ts":"2026-01-01T04:06:47.391357+00:00","event":"auth.login_ok","request_id":"70bae41be9b640abb3d2abbf97faa462","user_id":"u_bJXmWQQo6YyKgHSCUxe2SQ","meta":{"username":"admin","role":"admin","session":true}}
{"ts":"2026-01-01T04:07:34.346206+00:00","event":"policy.egress","meta":{"offline_mode":false,"allow_egress":true,"allow_hf_egress":false}}
{"ts":"2026-01-01T04:07:34.410595+00:00","event":"policy.egress","meta":{"offline_mode":false,"allow_egress":true,"allow_hf_egress":false}}
{"ts":"2026-01-01T04:07:34.503148+00:00","event":"auth.login_ok","request_id":"27b23d7f72d3415bbfaa39ea601e987a","user_id":"u_bJXmWQQo6YyKgHSCUxe2SQ","meta":{"username":"admin","role":"admin","session":true}}
{"ts":"2026-01-01T04:07:34.514971+00:00","event":"policy.egress","meta":{"offline_mode":false,"allow_egress":true,"allow_hf_egress":false}}
{"ts":"2026-01-01T04:07:34.597148+00:00","event":"auth.login_ok","request_id":"adebed9471d344e7ad572d9ade1bd628","user_id":"u_bJXmWQQo6YyKgHSCUxe2SQ","meta":{"username":"admin","role":"admin","session":false}}
{"ts":"2026-01-01T04:07:34.617169+00:00","event":"policy.egress","meta":{"offline_mode":false,"allow_egress":true,"allow_hf_egress":false}}
{"ts":"2026-01-01T04:07:34.678978+00:00","event":"policy.egress","meta":{"offline_mode":false,"allow_egress":true,"allow_hf_egress":false}}
{"ts":"2026-01-01T04:07:34.756593+00:00","event":"auth.login_ok","request_id":"c8d23159ab4b4e82bb613d2b1afadb77","user_id":"u_bJXmWQQo6YyKgHSCUxe2SQ","meta":{"username":"admin","role":"admin","session":false}}
{"ts":"2026-01-01T04:07:34.767414+00:00","event":"policy.egress","meta":{"offline_mode":false,"allow_egress":true,"allow_hf_egress":false}}
{"ts":"2026-01-01T04:07:34.817382+00:00","event":"policy.egress","meta":{"offline_mode":false,"allow_egress":true,"allow_hf_egress":false}}
{"ts":"2026-01-01T04:07:34.865109+00:00","event":"policy.egress","meta":{"offline_mode":false,"allow_egress":true,"allow_hf_egress":false}}
{"ts":"2026-01-01T04:07:34.942208+00:00","event":"auth.login_ok","request_id":"8a6ba0bf2de24589bce2150629fb9b75","user_id":"u_bJXmWQQo6YyKgHSCUxe2SQ","meta":{"username":"admin","role":"admin","session":true}}
{"ts":"2026-01-01T04:07:34.950437+00:00","event":"policy.egress","meta":{"offline_mode":false,"allow_egress":true,"allow_hf_egress":false}}
{"ts":"2026-01-01T04:07:35.028010+00:00","event":"auth.login_ok","request_id":"c36b3851227c4e5a9fa4ee6b3dd46efc","user_id":"u_bJXmWQQo6YyKgHSCUxe2SQ","meta":{"username":"admin","role":"admin","session":true}}
{"ts":"2026-01-01T04:12:49.722338+00:00","event":"policy.egress","meta":{"offline_mode":false,"allow_egress":true,"allow_hf_egress":false}}
{"ts":"2026-01-01T04:12:49.834367+00:00","event":"auth.login_ok","request_id":"428211e9d80f466b8a6257dcc72426bf","user_id":"u_bJXmWQQo6YyKgHSCUxe2SQ","meta":{"username":"admin","role":"admin","session":false}}
{"ts":"2026-01-01T04:12:49.850150+00:00","event":"policy.egress","meta":{"offline_mode":false,"allow_egress":true,"allow_hf_egress":false}}
{"ts":"2026-01-01T04:12:50.020497+00:00","event":"auth.login_ok","request_id":"e8a8a90ac1bb4aa9a7a6410f2af01c2b","user_id":"u_bJXmWQQo6YyKgHSCUxe2SQ","meta":{"username":"admin","role":"admin","session":false}}
{"ts":"2026-01-01T04:12:50.051949+00:00","event":"policy.egress","meta":{"offline_mode":false,"allow_egress":true,"allow_hf_egress":false}}
{"ts":"2026-01-01T04:12:50.101473+00:00","event":"policy.egress","meta":{"offline_mode":false,"allow_egress":true,"allow_hf_egress":false}}
{"ts":"2026-01-01T04:12:50.185683+00:00","event":"auth.login_ok","request_id":"5f53ae7f70de421ab9dad232ede5177a","user_id":"u_bJXmWQQo6YyKgHSCUxe2SQ","meta":{"username":"admin","role":"admin","session":true}}
{"ts":"2026-01-01T04:12:50.196901+00:00","event":"policy.egress","meta":{"offline_mode":false,"allow_egress":true,"allow_hf_egress":false}}
{"ts":"2026-01-01T04:12:50.274932+00:00","event":"auth.login_ok","request_id":"0f653575df314b36a1dbf32aabc3e192","user_id":"u_bJXmWQQo6YyKgHSCUxe2SQ","meta":{"username":"admin","role":"admin","session":false}}
{"ts":"2026-01-01T04:12:50.295404+00:00","event":"policy.egress","meta":{"offline_mode":false,"allow_egress":true,"allow_hf_egress":false}}
{"ts":"2026-01-01T04:12:50.356139+00:00","event":"policy.egress","meta":{"offline_mode":false,"allow_egress":true,"allow_hf_egress":false}}
{"ts":"2026-01-01T04:12:50.433965+00:00","event":"auth.login_ok","request_id":"501c9d8d46144c6eae361d44c3777f52","user_id":"u_bJXmWQQo6YyKgHSCUxe2SQ","meta":{"username":"admin","role":"admin","session":false}}
{"ts":"2026-01-01T04:12:50.443556+00:00","event":"policy.egress","meta":{"offline_mode":false,"allow_egress":true,"allow_hf_egress":false}}
{"ts":"2026-01-01T04:12:50.493959+00:00","event":"policy.egress","meta":{"offline_mode":false,"allow_egress":true,"allow_hf_egress":false}}
{"ts":"2026-01-01T04:12:50.538940+00:00","event":"policy.egress","meta":{"offline_mode":false,"allow_egress":true,"allow_hf_egress":false}}
{"ts":"2026-01-01T04:12:50.617180+00:00","event":"auth.login_ok","request_id":"115319d075c24866818bb99412837ad9","user_id":"u_bJXmWQQo6YyKgHSCUxe2SQ","meta":{"username":"admin","role":"admin","session":true}}
{"ts":"2026-01-01T04:12:50.626257+00:00","event":"policy.egress","meta":{"offline_mode":false,"allow_egress":true,"allow_hf_egress":false}}
{"ts":"2026-01-01T04:12:50.703073+00:00","event":"auth.login_ok","request_id":"97a3c05034ed4cf48bed84d4a57bad50","user_id":"u_bJXmWQQo6YyKgHSCUxe2SQ","meta":{"username":"admin","role":"admin","session":true}}
{"ts":"2026-01-01T04:13:26.362727+00:00","event":"policy.egress","meta":{"offline_mode":false,"allow_egress":true,"allow_hf_egress":false}}
{"ts":"2026-01-01T04:13:26.469680+00:00","event":"auth.login_ok","request_id":"1acd72f3f42d48d1927daac43a48c469","user_id":"u_bJXmWQQo6YyKgHSCUxe2SQ","meta":{"username":"admin","role":"admin","session":false}}
{"ts":"2026-01-01T04:13:26.485090+00:00","event":"policy.egress","meta":{"offline_mode":false,"allow_egress":true,"allow_hf_egress":false}}
{"ts":"2026-01-01T04:13:26.646293+00:00","event":"auth.login_ok","request_id":"7e1ba9ac00e24684b8cb134526fa167b","user_id":"u_bJXmWQQo6YyKgHSCUxe2SQ","meta":{"username":"admin","role":"admin","session":false}}
{"ts":"2026-01-01T04:13:26.670501+00:00","event":"policy.egress","meta":{"offline_mode":false,"allow_egress":true,"allow_hf_egress":false}}
{"ts":"2026-01-01T04:13:26.720791+00:00","event":"policy.egress","meta":{"offline_mode":false,"allow_egress":true,"allow_hf_egress":false}}
{"ts":"2026-01-01T04:13:26.805685+00:00","event":"auth.login_ok","request_id":"ac5b13e686bc42e4a8c4547257af5727","user_id":"u_bJXmWQQo6YyKgHSCUxe2SQ","meta":{"username":"admin","role":"admin","session":true}}
{"ts":"2026-01-01T04:13:26.816519+00:00","event":"policy.egress","meta":{"offline_mode":false,"allow_egress":true,"allow_hf_egress":false}}
{"ts":"2026-01-01T04:13:26.894616+00:00","event":"auth.login_ok","request_id":"5a7d67a83bb141eb974ed9b41f7c4ffb","user_id":"u_bJXmWQQo6YyKgHSCUxe2SQ","meta":{"username":"admin","role":"admin","session":false}}
{"ts":"2026-01-01T04:13:26.913783+00:00","event":"policy.egress","meta":{"offline_mode":false,"allow_egress":true,"allow_hf_egress":false}}
{"ts":"2026-01-01T04:13:26.972976+00:00","event":"policy.egress","meta":{"offline_mode":false,"allow_egress":true,"allow_hf_egress":false}}
{"ts":"2026-01-01T04:13:27.051594+00:00","event":"auth.login_ok","request_id":"83d37e42f2df49dcac42c8b9575b3fb3","user_id":"u_bJXmWQQo6YyKgHSCUxe2SQ","meta":{"username":"admin","role":"admin","session":false}}
{"ts":"2026-01-01T04:13:27.062529+00:00","event":"policy.egress","meta":{"offline_mode":false,"allow_egress":true,"allow_hf_egress":false}}
{"ts":"2026-01-01T04:13:27.115301+00:00","event":"policy.egress","meta":{"offline_mode":false,"allow_egress":true,"allow_hf_egress":false}}
{"ts":"2026-01-01T04:13:27.163329+00:00","event":"policy.egress","meta":{"offline_mode":false,"allow_egress":true,"allow_hf_egress":false}}
{"ts":"2026-01-01T04:13:27.259452+00:00","event":"auth.login_ok","request_id":"4b0291f032214c1fa2d40a62866000dc","user_id":"u_bJXmWQQo6YyKgHSCUxe2SQ","meta":{"username":"admin","role":"admin","session":true}}
{"ts":"2026-01-01T04:13:27.269352+00:00","event":"policy.egress","meta":{"offline_mode":false,"allow_egress":true,"allow_hf_egress":false}}
{"ts":"2026-01-01T04:13:27.412636+00:00","event":"auth.login_ok","request_id":"47bb347227d54b979779b9051b1176f5","user_id":"u_bJXmWQQo6YyKgHSCUxe2SQ","meta":{"username":"admin","role":"admin","session":true}}
{"ts":"2026-01-01T04:14:07.162157+00:00","event":"policy.egress","meta":{"offline_mode":false,"allow_egress":true,"allow_hf_egress":false}}
{"ts":"2026-01-01T04:14:07.270933+00:00","event":"auth.login_ok","request_id":"ee26cfe05c414410a28bc487c7658acf","user_id":"u_bJXmWQQo6YyKgHSCUxe2SQ","meta":{"username":"admin","role":"admin","session":false}}
{"ts":"2026-01-01T04:14:07.286933+00:00","event":"policy.egress","meta":{"offline_mode":false,"allow_egress":true,"allow_hf_egress":false}}
{"ts":"2026-01-01T04:14:07.447350+00:00","event":"auth.login_ok","request_id":"aa1c76b5f09446a586c2fc6fdaf15cad","user_id":"u_bJXmWQQo6YyKgHSCUxe2SQ","meta":{"username":"admin","role":"admin","session":false}}
{"ts":"2026-01-01T04:14:07.470775+00:00","event":"policy.egress","meta":{"offline_mode":false,"allow_egress":true,"allow_hf_egress":false}}
{"ts":"2026-01-01T04:14:07.520304+00:00","event":"policy.egress","meta":{"offline_mode":false,"allow_egress":true,"allow_hf_egress":false}}
{"ts":"2026-01-01T04:14:07.605670+00:00","event":"auth.login_ok","request_id":"37c1f92bd9a4421aa461b36389854f4f","user_id":"u_bJXmWQQo6YyKgHSCUxe2SQ","meta":{"username":"admin","role":"admin","session":true}}
{"ts":"2026-01-01T04:14:07.615664+00:00","event":"policy.egress","meta":{"offline_mode":false,"allow_egress":true,"allow_hf_egress":false}}
{"ts":"2026-01-01T04:14:07.695538+00:00","event":"auth.login_ok","request_id":"7a852a6086e74d14bbdbac0b537742cb","user_id":"u_bJXmWQQo6YyKgHSCUxe2SQ","meta":{"username":"admin","role":"admin","session":false}}
{"ts":"2026-01-01T04:14:07.716372+00:00","event":"policy.egress","meta":{"offline_mode":false,"allow_egress":true,"allow_hf_egress":false}}
{"ts":"2026-01-01T04:14:07.778680+00:00","event":"policy.egress","meta":{"offline_mode":false,"allow_egress":true,"allow_hf_egress":false}}
{"ts":"2026-01-01T04:14:07.859285+00:00","event":"auth.login_ok","request_id":"7e3e4f1fbf924f75bf4fe902359b89ee","user_id":"u_bJXmWQQo6YyKgHSCUxe2SQ","meta":{"username":"admin","role":"admin","session":false}}
{"ts":"2026-01-01T04:14:07.869073+00:00","event":"policy.egress","meta":{"offline_mode":false,"allow_egress":true,"allow_hf_egress":false}}
{"ts":"2026-01-01T04:14:07.918358+00:00","event":"policy.egress","meta":{"offline_mode":false,"allow_egress":true,"allow_hf_egress":false}}
{"ts":"2026-01-01T04:14:07.966476+00:00","event":"policy.egress","meta":{"offline_mode":false,"allow_egress":true,"allow_hf_egress":false}}
{"ts":"2026-01-01T04:14:08.048456+00:00","event":"auth.login_ok","request_id":"17cf0cf31fe2495087d4f3896be74dcf","user_id":"u_bJXmWQQo6YyKgHSCUxe2SQ","meta":{"username":"admin","role":"admin","session":true}}
{"ts":"2026-01-01T04:14:08.057477+00:00","event":"policy.egress","meta":{"offline_mode":false,"allow_egress":true,"allow_hf_egress":false}}
{"ts":"2026-01-01T04:14:08.139459+00:00","event":"auth.login_ok","request_id":"e8ebb6a46dbd4f929fed388f0f8b504c","user_id":"u_bJXmWQQo6YyKgHSCUxe2SQ","meta":{"username":"admin","role":"admin","session":true}}
{"ts":"2026-01-01T04:19:42.976709+00:00","event":"policy.egress","meta":{"offline_mode":false,"allow_egress":true,"allow_hf_egress":false}}
{"ts":"2026-01-01T04:19:43.082398+00:00","event":"auth.login_ok","request_id":"4ef55a3bf81747c684fa158e36636e3d","user_id":"u_bJXmWQQo6YyKgHSCUxe2SQ","meta":{"username":"admin","role":"admin","session":false}}
{"ts":"2026-01-01T04:19:43.098579+00:00","event":"policy.egress","meta":{"offline_mode":false,"allow_egress":true,"allow_hf_egress":false}}
{"ts":"2026-01-01T04:19:43.266427+00:00","event":"auth.login_ok","request_id":"a7e9df1b46344b2da8ef23e557e65c26","user_id":"u_bJXmWQQo6YyKgHSCUxe2SQ","meta":{"username":"admin","role":"admin","session":false}}
{"ts":"2026-01-01T04:19:43.292440+00:00","event":"policy.egress","meta":{"offline_mode":false,"allow_egress":true,"allow_hf_egress":false}}
{"ts":"2026-01-01T04:19:43.343479+00:00","event":"policy.egress","meta":{"offline_mode":false,"allow_egress":true,"allow_hf_egress":false}}
{"ts":"2026-01-01T04:19:43.422248+00:00","event":"auth.login_ok","request_id":"8198955755594694b3e92d0165cc12c5","user_id":"u_bJXmWQQo6YyKgHSCUxe2SQ","meta":{"username":"admin","role":"admin","session":true}}
{"ts":"2026-01-01T04:19:43.432202+00:00","event":"policy.egress","meta":{"offline_mode":false,"allow_egress":true,"allow_hf_egress":false}}
{"ts":"2026-01-01T04:19:43.511066+00:00","event":"auth.login_ok","request_id":"c0356c97bb124742bfebaafa2e095e39","user_id":"u_bJXmWQQo6YyKgHSCUxe2SQ","meta":{"username":"admin","role":"admin","session":false}}
{"ts":"2026-01-01T04:19:43.529921+00:00","event":"policy.egress","meta":{"offline_mode":false,"allow_egress":true,"allow_hf_egress":false}}
{"ts":"2026-01-01T04:19:43.590786+00:00","event":"policy.egress","meta":{"offline_mode":false,"allow_egress":true,"allow_hf_egress":false}}
{"ts":"2026-01-01T04:19:43.668269+00:00","event":"auth.login_ok","request_id":"9db11f1632af4d50b182e5006f134b67","user_id":"u_bJXmWQQo6YyKgHSCUxe2SQ","meta":{"username":"admin","role":"admin","session":false}}
{"ts":"2026-01-01T04:19:43.678304+00:00","event":"policy.egress","meta":{"offline_mode":false,"allow_egress":true,"allow_hf_egress":false}}
{"ts":"2026-01-01T04:19:43.728351+00:00","event":"policy.egress","meta":{"offline_mode":false,"allow_egress":true,"allow_hf_egress":false}}
{"ts":"2026-01-01T04:19:43.775898+00:00","event":"policy.egress","meta":{"offline_mode":false,"allow_egress":true,"allow_hf_egress":false}}
{"ts":"2026-01-01T04:19:43.853639+00:00","event":"auth.login_ok","request_id":"df70ce4f83d54bdea31f5afc1ec64e7c","user_id":"u_bJXmWQQo6YyKgHSCUxe2SQ","meta":{"username":"admin","role":"admin","session":true}}
{"ts":"2026-01-01T04:19:43.862460+00:00","event":"policy.egress","meta":{"offline_mode":false,"allow_egress":true,"allow_hf_egress":false}}
{"ts":"2026-01-01T04:19:43.940472+00:00","event":"auth.login_ok","request_id":"b0f097eec600428ba317c6f6e3229d38","user_id":"u_bJXmWQQo6YyKgHSCUxe2SQ","meta":{"username":"admin","role":"admin","session":true}}
{"ts":"2026-01-01T04:20:06.597366+00:00","event":"policy.egress","meta":{"offline_mode":false,"allow_egress":true,"allow_hf_egress":false}}
{"ts":"2026-01-01T04:20:06.703951+00:00","event":"auth.login_ok","request_id":"8303cb59d20c44e6a851d6058fd5cf24","user_id":"u_bJXmWQQo6YyKgHSCUxe2SQ","meta":{"username":"admin","role":"admin","session":false}}
{"ts":"2026-01-01T04:20:06.718425+00:00","event":"policy.egress","meta":{"offline_mode":false,"allow_egress":true,"allow_hf_egress":false}}
{"ts":"2026-01-01T04:20:06.883002+00:00","event":"auth.login_ok","request_id":"05c4ea439a5240fc88b854ab5185f70a","user_id":"u_bJXmWQQo6YyKgHSCUxe2SQ","meta":{"username":"admin","role":"admin","session":false}}
{"ts":"2026-01-01T04:20:06.908249+00:00","event":"policy.egress","meta":{"offline_mode":false,"allow_egress":true,"allow_hf_egress":false}}
{"ts":"2026-01-01T04:20:06.959147+00:00","event":"policy.egress","meta":{"offline_mode":false,"allow_egress":true,"allow_hf_egress":false}}
{"ts":"2026-01-01T04:20:07.062795+00:00","event":"auth.login_ok","request_id":"940f2eeb76b44eee94a93fc6aef3de85","user_id":"u_bJXmWQQo6YyKgHSCUxe2SQ","meta":{"username":"admin","role":"admin","session":true}}
{"ts":"2026-01-01T04:20:07.073126+00:00","event":"policy.egress","meta":{"offline_mode":false,"allow_egress":true,"allow_hf_egress":false}}
{"ts":"2026-01-01T04:20:07.154397+00:00","event":"auth.login_ok","request_id":"5acd7dd8ad164f83aabab4c449b6fef2","user_id":"u_bJXmWQQo6YyKgHSCUxe2SQ","meta":{"username":"admin","role":"admin","session":false}}
{"ts":"2026-01-01T04:20:07.169989+00:00","event":"policy.egress","meta":{"offline_mode":false,"allow_egress":true,"allow_hf_egress":false}}
{"ts":"2026-01-01T04:20:07.251450+00:00","event":"auth.login_ok","request_id":"eb1a9eb526eb49b589d5c06adcf9efb8","user_id":"u_bJXmWQQo6YyKgHSCUxe2SQ","meta":{"username":"admin","role":"admin","session":false}}
{"ts":"2026-01-01T04:20:07.269717+00:00","event":"policy.egress","meta":{"offline_mode":false,"allow_egress":true,"allow_hf_egress":false}}
{"ts":"2026-01-01T04:20:07.427414+00:00","event":"auth.login_ok","request_id":"6ca04c5a6ff448c08835ffb37be19226","user_id":"u_bJXmWQQo6YyKgHSCUxe2SQ","meta":{"username":"admin","role":"admin","session":false}}
{"ts":"2026-01-01T04:30:42.014067+00:00","event":"policy.egress","meta":{"offline_mode":false,"allow_egress":true,"allow_hf_egress":false}}
{"ts":"2026-01-01T04:30:42.147274+00:00","event":"auth.login_ok","request_id":"c11574fa5ab34be9ba4ecd53b0c7e912","user_id":"u_bJXmWQQo6YyKgHSCUxe2SQ","meta":{"username":"admin","role":"admin","session":false}}
{"ts":"2026-01-01T04:30:42.252180+00:00","event":"policy.egress","meta":{"offline_mode":false,"allow_egress":true,"allow_hf_egress":false}}
{"ts":"2026-01-01T04:30:42.406593+00:00","event":"auth.login_ok","request_id":"40ba4d7e414f459a98229359fc2310a9","user_id":"u_bJXmWQQo6YyKgHSCUxe2SQ","meta":{"username":"admin","role":"admin","session":false}}
{"ts":"2026-01-01T04:30:42.430452+00:00","event":"policy.egress","meta":{"offline_mode":false,"allow_egress":true,"allow_hf_egress":false}}
{"ts":"2026-01-01T04:30:42.482584+00:00","event":"policy.egress","meta":{"offline_mode":false,"allow_egress":true,"allow_hf_egress":false}}
{"ts":"2026-01-01T04:30:42.563467+00:00","event":"auth.login_ok","request_id":"8081e8f0f506405e9632eb7c5e932111","user_id":"u_bJXmWQQo6YyKgHSCUxe2SQ","meta":{"username":"admin","role":"admin","session":true}}
{"ts":"2026-01-01T04:30:42.574009+00:00","event":"policy.egress","meta":{"offline_mode":false,"allow_egress":true,"allow_hf_egress":false}}
{"ts":"2026-01-01T04:30:42.652082+00:00","event":"auth.login_ok","request_id":"0450152e51dd414faca19cef4c9be654","user_id":"u_bJXmWQQo6YyKgHSCUxe2SQ","meta":{"username":"admin","role":"admin","session":false}}
{"ts":"2026-01-01T04:30:42.669129+00:00","event":"policy.egress","meta":{"offline_mode":false,"allow_egress":true,"allow_hf_egress":false}}
{"ts":"2026-01-01T04:30:42.750318+00:00","event":"auth.login_ok","request_id":"c87845fb283248b983f42e633383b90c","user_id":"u_bJXmWQQo6YyKgHSCUxe2SQ","meta":{"username":"admin","role":"admin","session":false}}
{"ts":"2026-01-01T04:30:42.767569+00:00","event":"policy.egress","meta":{"offline_mode":false,"allow_egress":true,"allow_hf_egress":false}}
{"ts":"2026-01-01T04:30:42.926839+00:00","event":"auth.login_ok","request_id":"d494ebcaecc445f8a9df7b0969850d5b","user_id":"u_bJXmWQQo6YyKgHSCUxe2SQ","meta":{"username":"admin","role":"admin","session":false}}
{"ts":"2026-01-01T04:30:42.945973+00:00","event":"policy.egress","meta":{"offline_mode":false,"allow_egress":true,"allow_hf_egress":false}}
{"ts":"2026-01-01T04:30:43.082265+00:00","event":"policy.egress","meta":{"offline_mode":false,"allow_egress":true,"allow_hf_egress":false}}
{"ts":"2026-01-01T04:30:43.162461+00:00","event":"auth.login_ok","request_id":"a2f66a0fb208467180724c3a68a86ce5","user_id":"u_bJXmWQQo6YyKgHSCUxe2SQ","meta":{"username":"admin","role":"admin","session":false}}
{"ts":"2026-01-01T04:30:43.172636+00:00","event":"policy.egress","meta":{"offline_mode":false,"allow_egress":true,"allow_hf_egress":false}}
{"ts":"2026-01-01T04:30:43.229873+00:00","event":"policy.egress","meta":{"offline_mode":false,"allow_egress":true,"allow_hf_egress":false}}
{"ts":"2026-01-01T04:30:43.276526+00:00","event":"policy.egress","meta":{"offline_mode":false,"allow_egress":true,"allow_hf_egress":false}}
{"ts":"2026-01-01T04:30:43.359540+00:00","event":"auth.login_ok","request_id":"83c15fdbd0664dd9916a65d450e687de","user_id":"u_bJXmWQQo6YyKgHSCUxe2SQ","meta":{"username":"admin","role":"admin","session":true}}
{"ts":"2026-01-01T04:30:43.367633+00:00","event":"policy.egress","meta":{"offline_mode":false,"allow_egress":true,"allow_hf_egress":false}}
{"ts":"2026-01-01T04:30:43.447605+00:00","event":"auth.login_ok","request_id":"8a400e9dad0047e69a2ddd197b2d5fd3","user_id":"u_bJXmWQQo6YyKgHSCUxe2SQ","meta":{"username":"admin","role":"admin","session":true}}
